# Logfile created on 2023-01-09 17:04:14 +0200 by logger.rb/v1.4.3
[2023-01-09 17:04:14 +0200] INFO : punch domain
[2023-01-09 17:04:14 +0200] INFO : .punch/domain/README.md, .punch/domain/dogen.rb, .punch/domain/domain.rb, .punch/domain/sample.rb
[2023-01-09 20:20:14 +0200] INFO : punch basics
[2023-01-09 20:20:14 +0200] INFO : lib/basics/entity.rb, lib/basics/plugin.rb, lib/basics/sentry.rb, lib/basics/service.rb, lib/basics.rb
[2023-01-12 15:01:20 +0200] INFO : preview plugin queries
[2023-01-12 15:01:20 +0200] INFO : punch queries
[2023-01-12 15:01:20 +0200] ERROR: undefined method `empty?' for nil:NilClass
[2023-01-12 15:06:49 +0200] INFO : preview plugin queries a
[2023-01-12 15:06:49 +0200] INFO : punch queries a
[2023-01-12 15:06:49 +0200] ERROR: undefined method `empty?' for nil:NilClass
[2023-01-12 15:07:15 +0200] INFO : preview service queries
[2023-01-12 15:07:15 +0200] INFO : punch queries
[2023-01-12 15:07:15 +0200] ERROR: undefined method `empty?' for nil:NilClass
[2023-01-12 15:07:38 +0200] INFO : preview service queries
[2023-01-12 15:07:38 +0200] INFO : punch queries
[2023-01-12 15:07:38 +0200] ERROR: undefined method `empty?' for nil:NilClass
[2023-01-12 15:07:59 +0200] INFO : preview service queries a
[2023-01-12 15:07:59 +0200] INFO : punch queries a
[2023-01-12 15:07:59 +0200] ERROR: undefined method `empty?' for nil:NilClass
[2023-01-12 15:11:34 +0200] INFO : preview plugin queries
[2023-01-12 15:11:34 +0200] INFO : punch queries
[2023-01-12 15:11:34 +0200] INFO : lib/users/plugins/queries.rb, lib/users/plugins.rb~, lib/users/config.rb~, test/users/plugins/test_queries.rb
[2023-01-12 15:12:15 +0200] INFO : punch queries
[2023-01-12 15:12:15 +0200] INFO : lib/users/plugins/queries.rb, lib/users/plugins.rb~, lib/users/config.rb~, test/users/plugins/test_queries.rb
